<?xml version="1.0" encoding="UTF-8"?>
<testExecutions version="1">
  <file path="./App.test.js">
    <testcase name="ComprobaciÃ³n de formulario Deberia existir un boton submit" time="0.512">
    </testcase>
  </file>
</testExecutions>